[2020-06-29T11:45:39.750] [DEBUG] cheese - login => username:zs,password:123456
[2020-06-29T11:45:39.760] [DEBUG] cheese - zs
[2020-06-29T11:45:39.822] [DEBUG] cheese - null
[2020-06-29T11:45:39.823] [DEBUG] cheese - null
[2020-06-29T11:46:38.765] [DEBUG] cheese - login => username:admin,password:123456
[2020-06-29T11:46:38.766] [DEBUG] cheese - admin
[2020-06-29T11:46:38.789] [DEBUG] cheese - null
[2020-06-29T11:46:38.790] [DEBUG] cheese - null
[2020-06-29T16:51:45.202] [DEBUG] cheese - login => username:234,password:123456
[2020-06-29T16:51:45.206] [DEBUG] cheese - 234
[2020-06-29T16:51:45.362] [DEBUG] cheese - null
[2020-06-29T16:51:45.363] [DEBUG] cheese - null
[2020-06-29T16:52:29.472] [DEBUG] cheese - login => username:123,password:123456
[2020-06-29T16:52:29.473] [DEBUG] cheese - 123
[2020-06-29T16:52:29.483] [DEBUG] cheese - null
[2020-06-29T16:52:29.484] [DEBUG] cheese - null
[2020-06-29T16:53:58.460] [DEBUG] cheese - login => username:1234,password:123456
[2020-06-29T16:53:58.460] [DEBUG] cheese - 1234
[2020-06-29T16:53:58.476] [DEBUG] cheese - null
[2020-06-29T16:53:58.476] [DEBUG] cheese - null
[2020-06-29T16:55:47.010] [DEBUG] cheese - login => username:违规违法,password:wefwefwe
[2020-06-29T16:55:47.011] [DEBUG] cheese - 违规违法
[2020-06-29T16:55:47.045] [DEBUG] cheese - null
[2020-06-29T16:55:47.045] [DEBUG] cheese - null
[2020-06-29T16:55:55.399] [DEBUG] cheese - login => username:admin,password:123456
[2020-06-29T16:55:55.399] [DEBUG] cheese - admin
[2020-06-29T16:55:55.421] [DEBUG] cheese - null
[2020-06-29T16:55:55.421] [DEBUG] cheese - null
[2020-06-29T17:02:22.175] [DEBUG] cheese - login => username:三维股份翁,password:wefwefew
[2020-06-29T17:02:22.175] [DEBUG] cheese - 三维股份翁
[2020-06-29T17:02:22.193] [DEBUG] cheese - null
[2020-06-29T17:02:22.193] [DEBUG] cheese - null
[2020-06-29T17:02:34.968] [DEBUG] cheese - login => username:admin,password:123456
[2020-06-29T17:02:34.968] [DEBUG] cheese - admin
[2020-06-29T17:02:34.998] [DEBUG] cheese - null
[2020-06-29T17:02:34.998] [DEBUG] cheese - null
[2020-06-29T17:09:00.774] [DEBUG] cheese - login => username:admin,password:123456
[2020-06-29T17:09:00.775] [DEBUG] cheese - admin
[2020-06-29T17:09:00.803] [DEBUG] cheese - null
[2020-06-29T17:09:00.803] [DEBUG] cheese - null
[2020-06-29T17:10:43.550] [DEBUG] cheese - login => username:admin,password:123456
[2020-06-29T17:10:43.551] [DEBUG] cheese - admin
[2020-06-29T17:10:43.566] [DEBUG] cheese - null
[2020-06-29T17:10:43.566] [DEBUG] cheese - null
[2020-06-29T17:17:26.940] [DEBUG] cheese - login => username:admin,password:123456
[2020-06-29T17:17:26.940] [DEBUG] cheese - admin
[2020-06-29T17:17:26.969] [DEBUG] cheese - null
[2020-06-29T17:17:26.969] [DEBUG] cheese - null
[2020-06-29T17:29:27.135] [DEBUG] cheese - login => username:admin,password:123456
[2020-06-29T17:29:27.138] [DEBUG] cheese - admin
[2020-06-29T17:29:27.201] [DEBUG] cheese - null
[2020-06-29T17:29:27.201] [DEBUG] cheese - null
[2020-06-29T17:35:09.869] [DEBUG] cheese - login => username:admin,password:123456
[2020-06-29T17:35:09.870] [DEBUG] cheese - admin
[2020-06-29T17:35:09.907] [DEBUG] cheese - null
[2020-06-29T17:35:09.908] [DEBUG] cheese - null
[2020-06-29T17:35:13.612] [DEBUG] cheese - login => username:admin,password:123456
[2020-06-29T17:35:13.613] [DEBUG] cheese - admin
[2020-06-29T17:35:13.625] [DEBUG] cheese - null
[2020-06-29T17:35:13.625] [DEBUG] cheese - null
[2020-06-30T09:24:39.647] [DEBUG] cheese - login => username:admin,password:123456
[2020-06-30T09:24:39.655] [DEBUG] cheese - admin
[2020-06-30T09:24:39.801] [DEBUG] cheese - null
[2020-06-30T09:24:39.806] [DEBUG] cheese - null
[2020-06-30T10:06:43.861] [DEBUG] cheese - login => username:admin,password:123456
[2020-06-30T10:06:43.863] [DEBUG] cheese - admin
[2020-06-30T10:06:43.936] [DEBUG] cheese - null
[2020-06-30T10:06:43.936] [DEBUG] cheese - null
[2020-06-30T10:24:07.240] [DEBUG] cheese - login => username:admin,password:123456
[2020-06-30T10:24:07.240] [DEBUG] cheese - admin
[2020-06-30T10:24:07.266] [DEBUG] cheese - null
[2020-06-30T10:24:07.266] [DEBUG] cheese - null
[2020-06-30T10:25:49.299] [DEBUG] cheese - login => username:admin,password:123456
[2020-06-30T10:25:49.299] [DEBUG] cheese - admin
[2020-06-30T10:25:49.312] [DEBUG] cheese - null
[2020-06-30T10:25:49.312] [DEBUG] cheese - null
[2020-06-30T10:26:25.784] [DEBUG] cheese - login => username:admin,password:123456
[2020-06-30T10:26:25.785] [DEBUG] cheese - admin
[2020-06-30T10:26:25.797] [DEBUG] cheese - null
[2020-06-30T10:26:25.797] [DEBUG] cheese - null
[2020-06-30T11:23:53.210] [DEBUG] cheese - login => username:admin,password:123456
[2020-06-30T11:23:53.213] [DEBUG] cheese - admin
[2020-06-30T11:23:53.265] [DEBUG] cheese - null
[2020-06-30T11:23:53.265] [DEBUG] cheese - null
[2020-06-30T11:25:01.729] [DEBUG] cheese - login => username:admin,password:123456
[2020-06-30T11:25:01.729] [DEBUG] cheese - admin
[2020-06-30T11:25:01.747] [DEBUG] cheese - null
[2020-06-30T11:25:01.748] [DEBUG] cheese - null
[2020-06-30T11:26:20.816] [DEBUG] cheese - login => username:admin,password:123456
[2020-06-30T11:26:20.818] [DEBUG] cheese - admin
[2020-06-30T11:26:20.836] [DEBUG] cheese - null
[2020-06-30T11:26:20.837] [DEBUG] cheese - null
[2020-06-30T11:53:06.068] [DEBUG] cheese - login => username:admin,password:123456
[2020-06-30T11:53:06.070] [DEBUG] cheese - admin
[2020-06-30T11:53:06.097] [DEBUG] cheese - null
[2020-06-30T11:53:06.097] [DEBUG] cheese - null
[2020-06-30T11:53:14.209] [DEBUG] cheese - login => username:admin,password:123456
[2020-06-30T11:53:14.209] [DEBUG] cheese - admin
[2020-06-30T11:53:14.221] [DEBUG] cheese - null
[2020-06-30T11:53:14.222] [DEBUG] cheese - null
[2020-06-30T13:32:54.024] [DEBUG] cheese - login => username:admin,password:123456
[2020-06-30T13:32:54.032] [DEBUG] cheese - admin
[2020-06-30T13:32:54.080] [DEBUG] cheese - null
[2020-06-30T13:32:54.081] [DEBUG] cheese - null
[2020-06-30T15:00:14.334] [DEBUG] cheese - login => username:admin,password:123456
[2020-06-30T15:00:14.339] [DEBUG] cheese - admin
[2020-06-30T15:00:14.402] [DEBUG] cheese - null
[2020-06-30T15:00:14.403] [DEBUG] cheese - null
[2020-06-30T16:04:14.876] [DEBUG] cheese - login => username:admin,password:123456
[2020-06-30T16:04:14.882] [DEBUG] cheese - admin
[2020-06-30T16:04:14.935] [DEBUG] cheese - null
[2020-06-30T16:04:14.936] [DEBUG] cheese - null
[2020-06-30T16:19:50.537] [DEBUG] cheese - login => username:admin,password:123456
[2020-06-30T16:19:50.540] [DEBUG] cheese - admin
[2020-06-30T16:19:50.557] [DEBUG] cheese - null
[2020-06-30T16:19:50.557] [DEBUG] cheese - null
[2020-06-30T16:37:04.422] [DEBUG] cheese - login => username:admin,password:123456
[2020-06-30T16:37:04.423] [DEBUG] cheese - admin
[2020-06-30T16:37:04.440] [DEBUG] cheese - null
[2020-06-30T16:37:04.441] [DEBUG] cheese - null
[2020-07-01T09:22:27.669] [DEBUG] cheese - login => username:admin,password:123456
[2020-07-01T09:22:27.677] [DEBUG] cheese - admin
[2020-07-01T09:22:27.854] [DEBUG] cheese - null
[2020-07-01T09:22:27.858] [DEBUG] cheese - null
[2020-07-01T11:03:44.513] [DEBUG] cheese - null
[2020-07-01T11:06:16.735] [DEBUG] cheese - null
[2020-07-01T11:08:28.875] [DEBUG] cheese - null
[2020-07-01T11:08:36.841] [DEBUG] cheese - null
[2020-07-01T11:08:45.175] [DEBUG] cheese - null
[2020-07-01T13:11:24.624] [DEBUG] cheese - login => username:admin,password:123456
[2020-07-01T13:11:24.636] [DEBUG] cheese - admin
[2020-07-01T13:11:24.654] [DEBUG] cheese - null
[2020-07-01T13:11:24.655] [DEBUG] cheese - null
[2020-07-01T13:11:25.830] [DEBUG] cheese - login => username:admin,password:123456
[2020-07-01T13:11:25.830] [DEBUG] cheese - admin
[2020-07-01T13:11:25.844] [DEBUG] cheese - null
[2020-07-01T13:11:25.844] [DEBUG] cheese - null
[2020-07-01T13:11:26.358] [DEBUG] cheese - login => username:admin,password:123456
[2020-07-01T13:11:26.358] [DEBUG] cheese - admin
[2020-07-01T13:11:26.368] [DEBUG] cheese - null
[2020-07-01T13:11:26.368] [DEBUG] cheese - null
[2020-07-01T13:11:26.536] [DEBUG] cheese - login => username:admin,password:123456
[2020-07-01T13:11:26.536] [DEBUG] cheese - admin
[2020-07-01T13:11:26.546] [DEBUG] cheese - null
[2020-07-01T13:11:26.546] [DEBUG] cheese - null
[2020-07-01T13:11:27.223] [DEBUG] cheese - login => username:admin,password:123456
[2020-07-01T13:11:27.223] [DEBUG] cheese - admin
[2020-07-01T13:11:27.237] [DEBUG] cheese - null
[2020-07-01T13:11:27.238] [DEBUG] cheese - null
[2020-07-01T13:11:27.405] [DEBUG] cheese - login => username:admin,password:123456
[2020-07-01T13:11:27.415] [DEBUG] cheese - admin
[2020-07-01T13:11:27.422] [DEBUG] cheese - null
[2020-07-01T13:11:27.423] [DEBUG] cheese - null
[2020-07-01T13:11:27.633] [DEBUG] cheese - login => username:admin,password:123456
[2020-07-01T13:11:27.634] [DEBUG] cheese - admin
[2020-07-01T13:11:27.647] [DEBUG] cheese - null
[2020-07-01T13:11:27.648] [DEBUG] cheese - null
[2020-07-01T13:11:35.365] [DEBUG] cheese - login => username:admin,password:123456
[2020-07-01T13:11:35.366] [DEBUG] cheese - admin
[2020-07-01T13:11:35.374] [DEBUG] cheese - null
[2020-07-01T13:11:35.374] [DEBUG] cheese - null
[2020-07-01T13:11:46.599] [DEBUG] cheese - login => username:admin,password:123456
[2020-07-01T13:11:46.599] [DEBUG] cheese - admin
[2020-07-01T13:11:46.610] [DEBUG] cheese - null
[2020-07-01T13:11:46.610] [DEBUG] cheese - null
[2020-07-01T13:12:18.351] [DEBUG] cheese - login => username:lihaha,password:123456
[2020-07-01T13:12:18.351] [DEBUG] cheese - lihaha
[2020-07-01T13:12:18.362] [DEBUG] cheese - null
[2020-07-01T13:12:18.362] [DEBUG] cheese - null
[2020-07-01T13:12:19.229] [DEBUG] cheese - login => username:lihaha,password:123456
[2020-07-01T13:12:19.230] [DEBUG] cheese - lihaha
[2020-07-01T13:12:19.238] [DEBUG] cheese - null
[2020-07-01T13:12:19.238] [DEBUG] cheese - null
[2020-07-01T13:12:19.398] [DEBUG] cheese - login => username:lihaha,password:123456
[2020-07-01T13:12:19.398] [DEBUG] cheese - lihaha
[2020-07-01T13:12:19.409] [DEBUG] cheese - null
[2020-07-01T13:12:19.409] [DEBUG] cheese - null
[2020-07-01T13:12:19.580] [DEBUG] cheese - login => username:lihaha,password:123456
[2020-07-01T13:12:19.580] [DEBUG] cheese - lihaha
[2020-07-01T13:12:19.588] [DEBUG] cheese - null
[2020-07-01T13:12:19.589] [DEBUG] cheese - null
[2020-07-01T13:12:19.748] [DEBUG] cheese - login => username:lihaha,password:123456
[2020-07-01T13:12:19.749] [DEBUG] cheese - lihaha
[2020-07-01T13:12:19.755] [DEBUG] cheese - null
[2020-07-01T13:12:19.755] [DEBUG] cheese - null
[2020-07-01T13:16:59.884] [DEBUG] cheese - login => username:admin,password:123456
[2020-07-01T13:16:59.885] [DEBUG] cheese - admin
[2020-07-01T13:16:59.899] [DEBUG] cheese - null
[2020-07-01T13:16:59.899] [DEBUG] cheese - null
[2020-07-01T13:17:04.590] [DEBUG] cheese - login => username:admin,password:123456
[2020-07-01T13:17:04.590] [DEBUG] cheese - admin
[2020-07-01T13:17:04.604] [DEBUG] cheese - null
[2020-07-01T13:17:04.604] [DEBUG] cheese - null
[2020-07-01T13:17:05.186] [DEBUG] cheese - login => username:admin,password:123456
[2020-07-01T13:17:05.186] [DEBUG] cheese - admin
[2020-07-01T13:17:05.193] [DEBUG] cheese - null
[2020-07-01T13:17:05.194] [DEBUG] cheese - null
[2020-07-01T13:17:05.549] [DEBUG] cheese - login => username:admin,password:123456
[2020-07-01T13:17:05.549] [DEBUG] cheese - admin
[2020-07-01T13:17:05.558] [DEBUG] cheese - null
[2020-07-01T13:17:05.558] [DEBUG] cheese - null
[2020-07-01T13:17:05.700] [DEBUG] cheese - login => username:admin,password:123456
[2020-07-01T13:17:05.700] [DEBUG] cheese - admin
[2020-07-01T13:17:05.710] [DEBUG] cheese - null
[2020-07-01T13:17:05.710] [DEBUG] cheese - null
[2020-07-01T13:17:05.878] [DEBUG] cheese - login => username:admin,password:123456
[2020-07-01T13:17:05.878] [DEBUG] cheese - admin
[2020-07-01T13:17:05.887] [DEBUG] cheese - null
[2020-07-01T13:17:05.887] [DEBUG] cheese - null
[2020-07-01T13:17:06.084] [DEBUG] cheese - login => username:admin,password:123456
[2020-07-01T13:17:06.084] [DEBUG] cheese - admin
[2020-07-01T13:17:06.094] [DEBUG] cheese - null
[2020-07-01T13:17:06.095] [DEBUG] cheese - null
[2020-07-01T13:17:06.264] [DEBUG] cheese - login => username:admin,password:123456
[2020-07-01T13:17:06.265] [DEBUG] cheese - admin
[2020-07-01T13:17:06.274] [DEBUG] cheese - null
[2020-07-01T13:17:06.274] [DEBUG] cheese - null
[2020-07-01T13:17:06.444] [DEBUG] cheese - login => username:admin,password:123456
[2020-07-01T13:17:06.447] [DEBUG] cheese - admin
[2020-07-01T13:17:06.458] [DEBUG] cheese - null
[2020-07-01T13:17:06.458] [DEBUG] cheese - null
[2020-07-01T13:17:08.114] [DEBUG] cheese - login => username:admin,password:123456
[2020-07-01T13:17:08.114] [DEBUG] cheese - admin
[2020-07-01T13:17:08.124] [DEBUG] cheese - null
[2020-07-01T13:17:08.124] [DEBUG] cheese - null
[2020-07-01T13:20:40.296] [DEBUG] cheese - login => username:admin,password:123456
[2020-07-01T13:20:40.296] [DEBUG] cheese - admin
[2020-07-01T13:20:40.305] [DEBUG] cheese - null
[2020-07-01T13:20:40.306] [DEBUG] cheese - null
[2020-07-01T13:20:42.336] [DEBUG] cheese - login => username:admin,password:123456
[2020-07-01T13:20:42.336] [DEBUG] cheese - admin
[2020-07-01T13:20:42.353] [DEBUG] cheese - null
[2020-07-01T13:20:42.353] [DEBUG] cheese - null
[2020-07-01T13:20:43.074] [DEBUG] cheese - login => username:admin,password:123456
[2020-07-01T13:20:43.075] [DEBUG] cheese - admin
[2020-07-01T13:20:43.087] [DEBUG] cheese - null
[2020-07-01T13:20:43.087] [DEBUG] cheese - null
[2020-07-01T13:20:51.787] [DEBUG] cheese - login => username:lihaha,password:123456
[2020-07-01T13:20:51.788] [DEBUG] cheese - lihaha
[2020-07-01T13:20:51.799] [DEBUG] cheese - null
[2020-07-01T13:20:51.799] [DEBUG] cheese - null
[2020-07-01T13:21:41.525] [DEBUG] cheese - login => username:lihaha1,password:123456
[2020-07-01T13:21:41.526] [DEBUG] cheese - lihaha1
[2020-07-01T13:21:41.533] [DEBUG] cheese - null
[2020-07-01T13:21:41.534] [DEBUG] cheese - null
[2020-07-01T13:21:42.314] [DEBUG] cheese - login => username:lihaha1,password:123456
[2020-07-01T13:21:42.314] [DEBUG] cheese - lihaha1
[2020-07-01T13:21:42.322] [DEBUG] cheese - null
[2020-07-01T13:21:42.322] [DEBUG] cheese - null
[2020-07-01T13:23:23.060] [DEBUG] cheese - login => username:lihaha1,password:123456
[2020-07-01T13:23:23.060] [DEBUG] cheese - lihaha1
[2020-07-01T13:23:23.084] [DEBUG] cheese - null
[2020-07-01T13:23:23.085] [DEBUG] cheese - null
[2020-07-01T13:26:16.132] [DEBUG] cheese - login => username:admin,password:123456
[2020-07-01T13:26:16.132] [DEBUG] cheese - admin
[2020-07-01T13:26:16.147] [DEBUG] cheese - null
[2020-07-01T13:26:16.147] [DEBUG] cheese - null
[2020-07-01T13:26:38.381] [DEBUG] cheese - login => username:linken,password:123456
[2020-07-01T13:26:38.381] [DEBUG] cheese - linken
[2020-07-01T13:26:38.398] [DEBUG] cheese - null
[2020-07-01T13:26:38.398] [DEBUG] cheese - null
[2020-07-01T13:26:39.522] [DEBUG] cheese - login => username:linken,password:123456
[2020-07-01T13:26:39.522] [DEBUG] cheese - linken
[2020-07-01T13:26:39.529] [DEBUG] cheese - null
[2020-07-01T13:26:39.530] [DEBUG] cheese - null
[2020-07-01T13:26:39.706] [DEBUG] cheese - login => username:linken,password:123456
[2020-07-01T13:26:39.706] [DEBUG] cheese - linken
[2020-07-01T13:26:39.714] [DEBUG] cheese - null
[2020-07-01T13:26:39.714] [DEBUG] cheese - null
[2020-07-01T13:26:40.019] [DEBUG] cheese - login => username:linken,password:123456
[2020-07-01T13:26:40.019] [DEBUG] cheese - linken
[2020-07-01T13:26:40.031] [DEBUG] cheese - null
[2020-07-01T13:26:40.031] [DEBUG] cheese - null
[2020-07-01T13:26:44.593] [DEBUG] cheese - login => username:admin,password:123456
[2020-07-01T13:26:44.594] [DEBUG] cheese - admin
[2020-07-01T13:26:44.610] [DEBUG] cheese - null
[2020-07-01T13:26:44.611] [DEBUG] cheese - null
[2020-07-01T13:28:23.152] [DEBUG] cheese - login => username:lihaha,password:123456
[2020-07-01T13:28:23.152] [DEBUG] cheese - lihaha
[2020-07-01T13:28:23.159] [DEBUG] cheese - null
[2020-07-01T13:28:23.159] [DEBUG] cheese - null
[2020-07-01T13:28:24.562] [DEBUG] cheese - login => username:lihaha,password:123456
[2020-07-01T13:28:24.562] [DEBUG] cheese - lihaha
[2020-07-01T13:28:24.570] [DEBUG] cheese - null
[2020-07-01T13:28:24.571] [DEBUG] cheese - null
[2020-07-01T13:28:25.076] [DEBUG] cheese - login => username:lihaha,password:123456
[2020-07-01T13:28:25.076] [DEBUG] cheese - lihaha
[2020-07-01T13:28:25.088] [DEBUG] cheese - null
[2020-07-01T13:28:25.089] [DEBUG] cheese - null
[2020-07-01T13:28:25.250] [DEBUG] cheese - login => username:lihaha,password:123456
[2020-07-01T13:28:25.250] [DEBUG] cheese - lihaha
[2020-07-01T13:28:25.258] [DEBUG] cheese - null
[2020-07-01T13:28:25.258] [DEBUG] cheese - null
[2020-07-01T13:28:25.449] [DEBUG] cheese - login => username:lihaha,password:123456
[2020-07-01T13:28:25.449] [DEBUG] cheese - lihaha
[2020-07-01T13:28:25.456] [DEBUG] cheese - null
[2020-07-01T13:28:25.456] [DEBUG] cheese - null
[2020-07-01T13:28:31.541] [DEBUG] cheese - login => username:admin,password:123456
[2020-07-01T13:28:31.541] [DEBUG] cheese - admin
[2020-07-01T13:28:31.554] [DEBUG] cheese - null
[2020-07-01T13:28:31.555] [DEBUG] cheese - null
[2020-07-01T13:29:24.634] [DEBUG] cheese - login => username:admin,password:123456
[2020-07-01T13:29:24.634] [DEBUG] cheese - admin
[2020-07-01T13:29:24.642] [DEBUG] cheese - null
[2020-07-01T13:29:24.643] [DEBUG] cheese - null
[2020-07-01T13:30:10.729] [DEBUG] cheese - login => username:lihaha,password:123456
[2020-07-01T13:30:10.729] [DEBUG] cheese - lihaha
[2020-07-01T13:30:10.740] [DEBUG] cheese - null
[2020-07-01T13:30:10.741] [DEBUG] cheese - null
[2020-07-01T13:30:14.736] [DEBUG] cheese - null
[2020-07-01T13:30:14.754] [DEBUG] cheese - null
[2020-07-01T13:30:16.818] [DEBUG] cheese - null
[2020-07-01T13:30:16.829] [DEBUG] cheese - null
[2020-07-01T13:30:32.006] [DEBUG] cheese - null
[2020-07-01T13:30:32.014] [DEBUG] cheese - null
[2020-07-01T13:30:33.716] [DEBUG] cheese - null
[2020-07-01T13:30:33.724] [DEBUG] cheese - null
[2020-07-01T13:30:46.825] [DEBUG] cheese - null
[2020-07-01T13:30:46.844] [DEBUG] cheese - null
[2020-07-01T13:30:46.922] [DEBUG] cheese - null
[2020-07-01T13:30:46.929] [DEBUG] cheese - null
[2020-07-01T13:30:53.960] [DEBUG] cheese - login => username:lihaha,password:123456
[2020-07-01T13:30:53.961] [DEBUG] cheese - lihaha
[2020-07-01T13:30:53.969] [DEBUG] cheese - null
[2020-07-01T13:30:53.970] [DEBUG] cheese - null
[2020-07-01T13:30:56.732] [DEBUG] cheese - null
[2020-07-01T13:30:56.741] [DEBUG] cheese - null
[2020-07-01T13:31:08.982] [DEBUG] cheese - null
[2020-07-01T13:31:08.991] [DEBUG] cheese - null
[2020-07-01T13:31:10.539] [DEBUG] cheese - null
[2020-07-01T13:31:10.551] [DEBUG] cheese - null
[2020-07-01T13:31:11.316] [DEBUG] cheese - null
[2020-07-01T13:31:11.325] [DEBUG] cheese - null
[2020-07-01T13:31:15.788] [DEBUG] cheese - null
[2020-07-01T13:31:15.795] [DEBUG] cheese - null
[2020-07-01T13:31:19.030] [DEBUG] cheese - login => username:admin,password:123456
[2020-07-01T13:31:19.031] [DEBUG] cheese - admin
[2020-07-01T13:31:19.049] [DEBUG] cheese - null
[2020-07-01T13:31:19.050] [DEBUG] cheese - null
[2020-07-01T13:31:54.809] [DEBUG] cheese - login => username:lihaha,password:123456
[2020-07-01T13:31:54.809] [DEBUG] cheese - lihaha
[2020-07-01T13:31:54.818] [DEBUG] cheese - null
[2020-07-01T13:31:54.819] [DEBUG] cheese - null
[2020-07-01T13:32:03.091] [DEBUG] cheese - login => username:admin,password:123456
[2020-07-01T13:32:03.091] [DEBUG] cheese - admin
[2020-07-01T13:32:03.107] [DEBUG] cheese - null
[2020-07-01T13:32:03.108] [DEBUG] cheese - null
[2020-07-01T13:32:28.519] [DEBUG] cheese - login => username:lihaha,password:123456
[2020-07-01T13:32:28.519] [DEBUG] cheese - lihaha
[2020-07-01T13:32:28.527] [DEBUG] cheese - null
[2020-07-01T13:32:28.527] [DEBUG] cheese - null
[2020-07-01T13:32:33.284] [DEBUG] cheese - login => username:admin,password:123456
[2020-07-01T13:32:33.285] [DEBUG] cheese - admin
[2020-07-01T13:32:33.303] [DEBUG] cheese - null
[2020-07-01T13:32:33.303] [DEBUG] cheese - null
[2020-07-01T13:32:53.809] [DEBUG] cheese - login => username:lihaha,password:123456
[2020-07-01T13:32:53.809] [DEBUG] cheese - lihaha
[2020-07-01T13:32:53.820] [DEBUG] cheese - null
[2020-07-01T13:32:53.820] [DEBUG] cheese - null
[2020-07-01T13:32:59.856] [DEBUG] cheese - login => username:admin,password:123456
[2020-07-01T13:32:59.856] [DEBUG] cheese - admin
[2020-07-01T13:32:59.863] [DEBUG] cheese - null
[2020-07-01T13:32:59.863] [DEBUG] cheese - null
[2020-07-01T13:33:46.559] [DEBUG] cheese - login => username:ceshi,password:123456
[2020-07-01T13:33:46.560] [DEBUG] cheese - ceshi
[2020-07-01T13:33:46.576] [DEBUG] cheese - null
[2020-07-01T13:33:46.576] [DEBUG] cheese - null
[2020-07-01T13:33:47.377] [DEBUG] cheese - login => username:ceshi,password:123456
[2020-07-01T13:33:47.377] [DEBUG] cheese - ceshi
[2020-07-01T13:33:47.387] [DEBUG] cheese - null
[2020-07-01T13:33:47.387] [DEBUG] cheese - null
[2020-07-01T13:33:51.880] [DEBUG] cheese - login => username:admin,password:123456
[2020-07-01T13:33:51.880] [DEBUG] cheese - admin
[2020-07-01T13:33:51.891] [DEBUG] cheese - null
[2020-07-01T13:33:51.892] [DEBUG] cheese - null
[2020-07-01T13:34:37.722] [DEBUG] cheese - login => username:ceshi,password:123456
[2020-07-01T13:34:37.722] [DEBUG] cheese - ceshi
[2020-07-01T13:34:37.735] [DEBUG] cheese - null
[2020-07-01T13:34:37.735] [DEBUG] cheese - null
[2020-07-01T13:34:41.302] [DEBUG] cheese - login => username:admin,password:123456
[2020-07-01T13:34:41.303] [DEBUG] cheese - admin
[2020-07-01T13:34:41.317] [DEBUG] cheese - null
[2020-07-01T13:34:41.317] [DEBUG] cheese - null
[2020-07-01T13:34:54.803] [DEBUG] cheese - login => username:ceshi,password:123456
[2020-07-01T13:34:54.803] [DEBUG] cheese - ceshi
[2020-07-01T13:34:54.815] [DEBUG] cheese - null
[2020-07-01T13:34:54.815] [DEBUG] cheese - null
[2020-07-01T13:34:59.616] [DEBUG] cheese - login => username:admin,password:123456
[2020-07-01T13:34:59.616] [DEBUG] cheese - admin
[2020-07-01T13:34:59.624] [DEBUG] cheese - null
[2020-07-01T13:34:59.625] [DEBUG] cheese - null
[2020-07-01T13:35:26.520] [DEBUG] cheese - login => username:admin,password:123456
[2020-07-01T13:35:26.521] [DEBUG] cheese - admin
[2020-07-01T13:35:26.531] [DEBUG] cheese - null
[2020-07-01T13:35:26.531] [DEBUG] cheese - null
[2020-07-01T13:35:49.170] [DEBUG] cheese - login => username:admin,password:123456
[2020-07-01T13:35:49.170] [DEBUG] cheese - admin
[2020-07-01T13:35:49.179] [DEBUG] cheese - null
[2020-07-01T13:35:49.179] [DEBUG] cheese - null
[2020-07-01T13:35:58.310] [DEBUG] cheese - login => username:linken,password:123456
[2020-07-01T13:35:58.310] [DEBUG] cheese - linken
[2020-07-01T13:35:58.321] [DEBUG] cheese - null
[2020-07-01T13:35:58.321] [DEBUG] cheese - null
[2020-07-01T13:36:01.964] [DEBUG] cheese - login => username:admin,password:123456
[2020-07-01T13:36:01.965] [DEBUG] cheese - admin
[2020-07-01T13:36:01.981] [DEBUG] cheese - null
[2020-07-01T13:36:01.981] [DEBUG] cheese - null
[2020-07-02T09:15:00.662] [DEBUG] cheese - login => username:admin,password:123456
[2020-07-02T09:15:00.672] [DEBUG] cheese - admin
[2020-07-02T09:15:00.829] [DEBUG] cheese - null
[2020-07-02T09:15:00.833] [DEBUG] cheese - null
[2020-07-02T09:34:57.301] [DEBUG] cheese - login => username:admin,password:123456
[2020-07-02T09:34:57.310] [DEBUG] cheese - admin
[2020-07-02T09:34:57.351] [DEBUG] cheese - null
[2020-07-02T09:34:57.351] [DEBUG] cheese - null
[2020-07-02T11:45:15.177] [DEBUG] cheese - login => username:admin,password:123456
[2020-07-02T11:45:15.186] [DEBUG] cheese - admin
[2020-07-02T11:45:15.393] [DEBUG] cheese - null
[2020-07-02T11:45:15.393] [DEBUG] cheese - null
[2020-07-02T11:53:14.473] [DEBUG] cheese - login => username:admin,password:123456
[2020-07-02T11:53:14.475] [DEBUG] cheese - admin
[2020-07-02T11:53:14.513] [DEBUG] cheese - null
[2020-07-02T11:53:14.513] [DEBUG] cheese - null
[2020-07-02T17:57:29.901] [DEBUG] cheese - login => username:admin,password:123456
[2020-07-02T17:57:29.912] [DEBUG] cheese - admin
[2020-07-02T17:57:29.985] [DEBUG] cheese - null
[2020-07-02T17:57:29.989] [DEBUG] cheese - null
[2020-07-03T09:14:19.594] [DEBUG] cheese - login => username:admin,password:123456
[2020-07-03T09:14:19.610] [DEBUG] cheese - admin
[2020-07-03T09:14:19.775] [DEBUG] cheese - null
[2020-07-03T09:14:19.782] [DEBUG] cheese - null
[2020-07-03T13:08:40.292] [DEBUG] cheese - login => username:admin,password:123456
[2020-07-03T13:08:40.294] [DEBUG] cheese - admin
[2020-07-03T13:08:40.359] [DEBUG] cheese - null
[2020-07-03T13:08:40.359] [DEBUG] cheese - null
[2020-07-03T14:11:46.097] [DEBUG] cheese - null
[2020-07-03T16:49:57.781] [DEBUG] cheese - login => username:admin,password:123456
[2020-07-03T16:49:57.784] [DEBUG] cheese - admin
[2020-07-03T16:49:57.822] [DEBUG] cheese - null
[2020-07-03T16:49:57.824] [DEBUG] cheese - null
[2020-07-03T16:50:07.274] [DEBUG] cheese - login => username:admin,password:123456
[2020-07-03T16:50:07.274] [DEBUG] cheese - admin
[2020-07-03T16:50:07.290] [DEBUG] cheese - null
[2020-07-03T16:50:07.291] [DEBUG] cheese - null
[2020-07-03T17:22:48.514] [DEBUG] cheese - login => username:admin,password:123456
[2020-07-03T17:22:48.521] [DEBUG] cheese - admin
[2020-07-03T17:22:48.652] [DEBUG] cheese - null
[2020-07-03T17:22:48.652] [DEBUG] cheese - null
[2020-07-03T17:28:43.017] [DEBUG] cheese - login => username:admin,password:123456
[2020-07-03T17:28:43.021] [DEBUG] cheese - admin
[2020-07-03T17:28:43.082] [DEBUG] cheese - null
[2020-07-03T17:28:43.084] [DEBUG] cheese - null
[2020-07-03T19:12:59.233] [DEBUG] cheese - login => username:admin,password:123456
[2020-07-03T19:12:59.241] [DEBUG] cheese - admin
[2020-07-03T19:12:59.541] [DEBUG] cheese - null
[2020-07-03T19:12:59.542] [DEBUG] cheese - null
[2020-07-03T19:24:13.693] [DEBUG] cheese - login => username:admin,password:123456
[2020-07-03T19:24:13.711] [DEBUG] cheese - admin
[2020-07-03T19:24:13.883] [DEBUG] cheese - null
[2020-07-03T19:24:13.887] [DEBUG] cheese - null
[2020-07-03T19:34:23.905] [DEBUG] cheese - login => username:admin,password:123456
[2020-07-03T19:34:23.924] [DEBUG] cheese - admin
[2020-07-03T19:34:24.187] [DEBUG] cheese - null
[2020-07-03T19:34:24.190] [DEBUG] cheese - null
[2020-07-03T19:54:30.461] [DEBUG] cheese - login => username:admin,password:123456
[2020-07-03T19:54:30.477] [DEBUG] cheese - admin
[2020-07-03T19:54:30.702] [DEBUG] cheese - null
[2020-07-03T19:54:30.705] [DEBUG] cheese - null
[2020-07-03T20:08:56.337] [DEBUG] cheese - login => username:admin,password:123456
[2020-07-03T20:08:56.349] [DEBUG] cheese - admin
[2020-07-03T20:08:56.523] [DEBUG] cheese - null
[2020-07-03T20:08:56.527] [DEBUG] cheese - null
[2020-07-03T20:10:21.544] [DEBUG] cheese - login => username:admin,password:123456
[2020-07-03T20:10:21.544] [DEBUG] cheese - admin
[2020-07-03T20:10:21.560] [DEBUG] cheese - null
[2020-07-03T20:10:21.561] [DEBUG] cheese - null
[2020-07-03T20:12:26.232] [DEBUG] cheese - login => username:admin,password:123456
[2020-07-03T20:12:26.237] [DEBUG] cheese - admin
[2020-07-03T20:12:26.267] [DEBUG] cheese - null
[2020-07-03T20:12:26.268] [DEBUG] cheese - null
[2020-07-03T20:12:28.573] [DEBUG] cheese - login => username:admin,password:123456
[2020-07-03T20:12:28.573] [DEBUG] cheese - admin
[2020-07-03T20:12:28.585] [DEBUG] cheese - null
[2020-07-03T20:12:28.585] [DEBUG] cheese - null
[2020-07-03T20:14:44.523] [DEBUG] cheese - login => username:admin,password:123456
[2020-07-03T20:14:44.523] [DEBUG] cheese - admin
[2020-07-03T20:14:44.539] [DEBUG] cheese - null
[2020-07-03T20:14:44.539] [DEBUG] cheese - null
[2020-07-03T20:17:42.812] [DEBUG] cheese - login => username:admin,password:123456
[2020-07-03T20:17:42.813] [DEBUG] cheese - admin
[2020-07-03T20:17:42.830] [DEBUG] cheese - null
[2020-07-03T20:17:42.831] [DEBUG] cheese - null
[2020-07-03T20:21:27.661] [DEBUG] cheese - login => username:admin,password:123456
[2020-07-03T20:21:27.662] [DEBUG] cheese - admin
[2020-07-03T20:21:27.676] [DEBUG] cheese - null
[2020-07-03T20:21:27.676] [DEBUG] cheese - null
[2020-07-03T20:21:33.634] [DEBUG] cheese - login => username:admin,password:123456
[2020-07-03T20:21:33.634] [DEBUG] cheese - admin
[2020-07-03T20:21:33.647] [DEBUG] cheese - null
[2020-07-03T20:21:33.647] [DEBUG] cheese - null
[2020-07-03T20:31:49.084] [DEBUG] cheese - login => username:admin,password:123456
[2020-07-03T20:31:49.084] [DEBUG] cheese - admin
[2020-07-03T20:31:49.109] [DEBUG] cheese - null
[2020-07-03T20:31:49.111] [DEBUG] cheese - null
[2020-07-03T20:39:51.234] [DEBUG] cheese - login => username:admin,password:123456
[2020-07-03T20:39:51.234] [DEBUG] cheese - admin
[2020-07-03T20:39:51.249] [DEBUG] cheese - null
[2020-07-03T20:39:51.249] [DEBUG] cheese - null
[2020-07-03T20:46:10.335] [DEBUG] cheese - login => username:admin,password:123456
[2020-07-03T20:46:10.335] [DEBUG] cheese - admin
[2020-07-03T20:46:10.350] [DEBUG] cheese - null
[2020-07-03T20:46:10.350] [DEBUG] cheese - null
[2020-07-03T20:52:22.957] [DEBUG] cheese - login => username:admin,password:123456
[2020-07-03T20:52:22.958] [DEBUG] cheese - admin
[2020-07-03T20:52:22.978] [DEBUG] cheese - null
[2020-07-03T20:52:22.979] [DEBUG] cheese - null
[2020-07-03T20:53:12.419] [DEBUG] cheese - login => username:admin,password:123456
[2020-07-03T20:53:12.419] [DEBUG] cheese - admin
[2020-07-03T20:53:12.429] [DEBUG] cheese - null
[2020-07-03T20:53:12.430] [DEBUG] cheese - null
[2020-07-03T20:59:16.522] [DEBUG] cheese - login => username:admin,password:123456
[2020-07-03T20:59:16.535] [DEBUG] cheese - admin
[2020-07-03T20:59:16.605] [DEBUG] cheese - null
[2020-07-03T20:59:16.608] [DEBUG] cheese - null
[2020-07-14T20:22:50.957] [DEBUG] cheese - login => username:admin,password:123456
[2020-07-14T20:22:51.014] [DEBUG] cheese - admin
[2020-07-14T20:22:51.272] [DEBUG] cheese - null
[2020-07-14T20:22:51.277] [DEBUG] cheese - null
[2020-07-14T20:27:14.289] [DEBUG] cheese - login => username:admin,password:123456
[2020-07-14T20:27:14.289] [DEBUG] cheese - admin
[2020-07-14T20:27:14.307] [DEBUG] cheese - null
[2020-07-14T20:27:14.308] [DEBUG] cheese - null
